<?xml version="1.0" encoding="UTF-8"?>
<testsuite xmlns:xsi="http://www.w3.org/2001/XMLSchema-instance" xsi:noNamespaceSchemaLocation="https://maven.apache.org/surefire/maven-surefire-plugin/xsd/surefire-test-report.xsd" name="TestRunner" time="16.087" tests="12" errors="0" skipped="0" failures="0">
  <properties>
[...]
</properties>
  <testcase name="User can upload file to his dropbox folder" classname="Upload File" time="4.888"/>
  <testcase name="User can upload file to his dropbox folder" classname="Upload File" time="1.685"/>
  <testcase name="User will get error in response if his request in incorrect" classname="Upload File" time="1.723"/>
  <testcase name="User will get error in response if his request in incorrect" classname="Upload File" time="0.812"/>
  <testcase name="User can have ability to get metadata of existing file" classname="Get File Metadata" time="0.69"/>
  <testcase name="User can have ability to get metadata of existing file" classname="Get File Metadata" time="0.618"/>
  <testcase name="User will get error while getting file metadata if filepath is invalid" classname="Get File Metadata" time="0.323"/>
  <testcase name="User will get error while getting file metadata if filepath is invalid" classname="Get File Metadata" time="0.37"/>
  <testcase name="User can delete file from his dropbox folder" classname="Delete File" time="1.846"/>
  <testcase name="User can delete file from his dropbox folder" classname="Delete File" time="1.003"/>
  <testcase name="User will get error while deleting file if filepath is invalid" classname="Delete File" time="0.594"/>
  <testcase name="User will get error while deleting file if filepath is invalid" classname="Delete File" time="1.032"/>
</testsuite>